nohup: ignoring input
Matplotlib created a temporary config/cache directory at /tmp/matplotlib-xurxq1_5 because the default path (/home/ubuntu/.config/matplotlib) is not a writable directory; it is highly recommended to set the MPLCONFIGDIR environment variable to a writable directory, in particular to speed up the import of Matplotlib and to better support multiprocessing.
 
 -------------- celery@bruce_worker-2 v5.0.5 (singularity)
--- ***** ----- 
-- ******* ---- Linux-4.15.0-88-generic-x86_64-with-Ubuntu-18.04-bionic 2021-05-18 22:37:48
- *** --- * --- 
- ** ---------- [config]
- ** ---------- .> app:         celeryTasks:0x7f7367e9e518
- ** ---------- .> transport:   redis://:**@122.51.255.207:6379/2
- ** ---------- .> results:     redis://:**@122.51.255.207:6379/3
- *** --- * --- .> concurrency: 4 (prefork)
-- ******* ---- .> task events: OFF (enable -E to monitor tasks in this worker)
--- ***** ----- 
 -------------- [queues]
                .> cipher_celery    exchange=cipher_celery(direct) key=cipher_celery
                .> modelTrain_celery exchange=modelTrain_celery(direct) key=modelTrain_celery

[tasks]
  . celeryTasks.cipher_task
  . celeryTasks.modelTrain_task
  . main.celery_task.celeryTasks.cipher_task
  . main.celery_task.celeryTasks.modelTrain_task

[2021-05-18 22:37:48,717: WARNING/MainProcess] /home/ubuntu/.local/lib/python3.6/site-packages/celery/app/utils.py:206: CDeprecationWarning: 
    The 'BROKER_URL' setting is deprecated and scheduled for removal in
    version 6.0.0. Use the broker_url instead

  alternative=f'Use the {_TO_NEW_KEY[setting]} instead')

[2021-05-18 22:37:48,718: WARNING/MainProcess] /home/ubuntu/.local/lib/python3.6/site-packages/celery/app/utils.py:206: CDeprecationWarning: 
    The 'CELERY_DISABLE_RATE_LIMITS' setting is deprecated and scheduled for removal in
    version 6.0.0. Use the worker_disable_rate_limits instead

  alternative=f'Use the {_TO_NEW_KEY[setting]} instead')

[2021-05-18 22:37:48,718: WARNING/MainProcess] /home/ubuntu/.local/lib/python3.6/site-packages/celery/app/utils.py:206: CDeprecationWarning: 
    The 'CELERYD_PREFETCH_MULTIPLIER' setting is deprecated and scheduled for removal in
    version 6.0.0. Use the worker_prefetch_multiplier instead

  alternative=f'Use the {_TO_NEW_KEY[setting]} instead')

[2021-05-18 22:37:48,718: WARNING/MainProcess] /home/ubuntu/.local/lib/python3.6/site-packages/celery/app/utils.py:206: CDeprecationWarning: 
    The 'CELERY_ACCEPT_CONTENT' setting is deprecated and scheduled for removal in
    version 6.0.0. Use the accept_content instead

  alternative=f'Use the {_TO_NEW_KEY[setting]} instead')

[2021-05-18 22:37:48,718: WARNING/MainProcess] /home/ubuntu/.local/lib/python3.6/site-packages/celery/app/utils.py:206: CDeprecationWarning: 
    The 'CELERY_TIMEZONE' setting is deprecated and scheduled for removal in
    version 6.0.0. Use the timezone instead

  alternative=f'Use the {_TO_NEW_KEY[setting]} instead')

[2021-05-18 22:37:48,718: WARNING/MainProcess] /home/ubuntu/.local/lib/python3.6/site-packages/celery/app/utils.py:206: CDeprecationWarning: 
    The 'CELERY_ROUTES' setting is deprecated and scheduled for removal in
    version 6.0.0. Use the task_routes instead

  alternative=f'Use the {_TO_NEW_KEY[setting]} instead')

[2021-05-18 22:37:48,718: WARNING/MainProcess] /home/ubuntu/.local/lib/python3.6/site-packages/celery/app/utils.py:206: CDeprecationWarning: 
    The 'CELERY_RESULT_BACKEND' setting is deprecated and scheduled for removal in
    version 6.0.0. Use the result_backend instead

  alternative=f'Use the {_TO_NEW_KEY[setting]} instead')

[2021-05-18 22:37:48,718: WARNING/MainProcess] /home/ubuntu/.local/lib/python3.6/site-packages/celery/app/utils.py:206: CDeprecationWarning: 
    The 'CELERY_QUEUES' setting is deprecated and scheduled for removal in
    version 6.0.0. Use the task_queues instead

  alternative=f'Use the {_TO_NEW_KEY[setting]} instead')

[2021-05-18 22:37:48,718: WARNING/MainProcess] /home/ubuntu/.local/lib/python3.6/site-packages/celery/app/utils.py:206: CDeprecationWarning: 
    The 'CELERY_IMPORTS' setting is deprecated and scheduled for removal in
    version 6.0.0. Use the imports instead

  alternative=f'Use the {_TO_NEW_KEY[setting]} instead')

[2021-05-18 22:37:48,718: WARNING/MainProcess] /home/ubuntu/.local/lib/python3.6/site-packages/celery/app/utils.py:206: CDeprecationWarning: 
    The 'CELERY_RESULT_SERIALIZER' setting is deprecated and scheduled for removal in
    version 6.0.0. Use the result_serializer instead

  alternative=f'Use the {_TO_NEW_KEY[setting]} instead')

[2021-05-18 22:37:48,718: WARNING/MainProcess] /home/ubuntu/.local/lib/python3.6/site-packages/celery/app/utils.py:206: CDeprecationWarning: 
    The 'CELERY_ACKS_LATE' setting is deprecated and scheduled for removal in
    version 6.0.0. Use the task_acks_late instead

  alternative=f'Use the {_TO_NEW_KEY[setting]} instead')

[2021-05-18 22:37:48,718: WARNING/MainProcess] /home/ubuntu/.local/lib/python3.6/site-packages/celery/app/utils.py:206: CDeprecationWarning: 
    The 'CELERY_TASK_SERIALIZER' setting is deprecated and scheduled for removal in
    version 6.0.0. Use the task_serializer instead

  alternative=f'Use the {_TO_NEW_KEY[setting]} instead')

[2021-05-18 22:37:48,718: WARNING/MainProcess] Please run `celery upgrade settings path/to/settings.py` to avoid these warnings and to allow a smoother upgrade to Celery 6.0.
[2021-05-18 22:37:49,059: INFO/MainProcess] Connected to redis://:**@122.51.255.207:6379/2
[2021-05-18 22:37:49,066: INFO/MainProcess] mingle: searching for neighbors
[2021-05-18 22:37:50,086: INFO/MainProcess] mingle: all alone
[2021-05-18 22:37:50,104: INFO/MainProcess] celery@bruce_worker-2 ready.

Restarting celery worker (/usr/bin/celery -A celeryTasks worker --loglevel=info -n bruce_worker-2)
 
 -------------- celery@bruce_worker-2 v5.0.5 (singularity)
--- ***** ----- 
-- ******* ---- Linux-4.15.0-88-generic-x86_64-with-Ubuntu-18.04-bionic 2021-05-19 00:49:44
- *** --- * --- 
- ** ---------- [config]
- ** ---------- .> app:         celeryTasks:0x7fec2678ed30
- ** ---------- .> transport:   redis://:**@122.51.255.207:6379/2
- ** ---------- .> results:     redis://:**@122.51.255.207:6379/3
- *** --- * --- .> concurrency: 4 (prefork)
-- ******* ---- .> task events: OFF (enable -E to monitor tasks in this worker)
--- ***** ----- 
 -------------- [queues]
                .> cipher_celery    exchange=cipher_celery(direct) key=cipher_celery
                .> modelTrain_celery exchange=modelTrain_celery(direct) key=modelTrain_celery

[tasks]
  . celeryTasks.cipher_task
  . celeryTasks.modelTrain_task
  . main.celery_task.celeryTasks.cipher_task
  . main.celery_task.celeryTasks.modelTrain_task

[2021-05-19 00:49:44,021: WARNING/MainProcess] /home/ubuntu/.local/lib/python3.6/site-packages/celery/app/utils.py:206: CDeprecationWarning: 
    The 'CELERY_QUEUES' setting is deprecated and scheduled for removal in
    version 6.0.0. Use the task_queues instead

  alternative=f'Use the {_TO_NEW_KEY[setting]} instead')

[2021-05-19 00:49:44,021: WARNING/MainProcess] /home/ubuntu/.local/lib/python3.6/site-packages/celery/app/utils.py:206: CDeprecationWarning: 
    The 'CELERY_IMPORTS' setting is deprecated and scheduled for removal in
    version 6.0.0. Use the imports instead

  alternative=f'Use the {_TO_NEW_KEY[setting]} instead')

[2021-05-19 00:49:44,021: WARNING/MainProcess] /home/ubuntu/.local/lib/python3.6/site-packages/celery/app/utils.py:206: CDeprecationWarning: 
    The 'CELERY_RESULT_BACKEND' setting is deprecated and scheduled for removal in
    version 6.0.0. Use the result_backend instead

  alternative=f'Use the {_TO_NEW_KEY[setting]} instead')

[2021-05-19 00:49:44,021: WARNING/MainProcess] /home/ubuntu/.local/lib/python3.6/site-packages/celery/app/utils.py:206: CDeprecationWarning: 
    The 'BROKER_URL' setting is deprecated and scheduled for removal in
    version 6.0.0. Use the broker_url instead

  alternative=f'Use the {_TO_NEW_KEY[setting]} instead')

[2021-05-19 00:49:44,022: WARNING/MainProcess] /home/ubuntu/.local/lib/python3.6/site-packages/celery/app/utils.py:206: CDeprecationWarning: 
    The 'CELERY_ACCEPT_CONTENT' setting is deprecated and scheduled for removal in
    version 6.0.0. Use the accept_content instead

  alternative=f'Use the {_TO_NEW_KEY[setting]} instead')

[2021-05-19 00:49:44,022: WARNING/MainProcess] /home/ubuntu/.local/lib/python3.6/site-packages/celery/app/utils.py:206: CDeprecationWarning: 
    The 'CELERY_ROUTES' setting is deprecated and scheduled for removal in
    version 6.0.0. Use the task_routes instead

  alternative=f'Use the {_TO_NEW_KEY[setting]} instead')

[2021-05-19 00:49:44,022: WARNING/MainProcess] /home/ubuntu/.local/lib/python3.6/site-packages/celery/app/utils.py:206: CDeprecationWarning: 
    The 'CELERY_TASK_SERIALIZER' setting is deprecated and scheduled for removal in
    version 6.0.0. Use the task_serializer instead

  alternative=f'Use the {_TO_NEW_KEY[setting]} instead')

[2021-05-19 00:49:44,022: WARNING/MainProcess] /home/ubuntu/.local/lib/python3.6/site-packages/celery/app/utils.py:206: CDeprecationWarning: 
    The 'CELERY_DISABLE_RATE_LIMITS' setting is deprecated and scheduled for removal in
    version 6.0.0. Use the worker_disable_rate_limits instead

  alternative=f'Use the {_TO_NEW_KEY[setting]} instead')

[2021-05-19 00:49:44,022: WARNING/MainProcess] /home/ubuntu/.local/lib/python3.6/site-packages/celery/app/utils.py:206: CDeprecationWarning: 
    The 'CELERY_ACKS_LATE' setting is deprecated and scheduled for removal in
    version 6.0.0. Use the task_acks_late instead

  alternative=f'Use the {_TO_NEW_KEY[setting]} instead')

[2021-05-19 00:49:44,022: WARNING/MainProcess] /home/ubuntu/.local/lib/python3.6/site-packages/celery/app/utils.py:206: CDeprecationWarning: 
    The 'CELERY_TIMEZONE' setting is deprecated and scheduled for removal in
    version 6.0.0. Use the timezone instead

  alternative=f'Use the {_TO_NEW_KEY[setting]} instead')

[2021-05-19 00:49:44,022: WARNING/MainProcess] /home/ubuntu/.local/lib/python3.6/site-packages/celery/app/utils.py:206: CDeprecationWarning: 
    The 'CELERYD_PREFETCH_MULTIPLIER' setting is deprecated and scheduled for removal in
    version 6.0.0. Use the worker_prefetch_multiplier instead

  alternative=f'Use the {_TO_NEW_KEY[setting]} instead')

[2021-05-19 00:49:44,022: WARNING/MainProcess] /home/ubuntu/.local/lib/python3.6/site-packages/celery/app/utils.py:206: CDeprecationWarning: 
    The 'CELERY_RESULT_SERIALIZER' setting is deprecated and scheduled for removal in
    version 6.0.0. Use the result_serializer instead

  alternative=f'Use the {_TO_NEW_KEY[setting]} instead')

[2021-05-19 00:49:44,022: WARNING/MainProcess] Please run `celery upgrade settings path/to/settings.py` to avoid these warnings and to allow a smoother upgrade to Celery 6.0.
[2021-05-19 00:49:44,354: INFO/MainProcess] Connected to redis://:**@122.51.255.207:6379/2
[2021-05-19 00:49:44,360: INFO/MainProcess] mingle: searching for neighbors
[2021-05-19 00:49:45,380: INFO/MainProcess] mingle: all alone
[2021-05-19 00:49:45,397: INFO/MainProcess] celery@bruce_worker-2 ready.
